29-May-2024 11:15:50.751 信息 [main] org.apache.catalina.startup.VersionLoggerListener.log Server version:        Apache Tomcat/8.5.32
29-May-2024 11:15:50.757 信息 [main] org.apache.catalina.startup.VersionLoggerListener.log Server built:          Jun 20 2018 19:50:35 UTC
29-May-2024 11:15:50.759 信息 [main] org.apache.catalina.startup.VersionLoggerListener.log Server number:         8.5.32.0
29-May-2024 11:15:50.759 信息 [main] org.apache.catalina.startup.VersionLoggerListener.log OS Name:               Windows 10
29-May-2024 11:15:50.761 信息 [main] org.apache.catalina.startup.VersionLoggerListener.log OS Version:            10.0
29-May-2024 11:15:50.761 信息 [main] org.apache.catalina.startup.VersionLoggerListener.log Architecture:          amd64
29-May-2024 11:15:50.762 信息 [main] org.apache.catalina.startup.VersionLoggerListener.log Java Home:             C:\Program Files\Java\jdk1.8.0_144\jre
29-May-2024 11:15:50.763 信息 [main] org.apache.catalina.startup.VersionLoggerListener.log JVM Version:           1.8.0_144-b01
29-May-2024 11:15:50.764 信息 [main] org.apache.catalina.startup.VersionLoggerListener.log JVM Vendor:            Oracle Corporation
29-May-2024 11:15:50.766 信息 [main] org.apache.catalina.startup.VersionLoggerListener.log CATALINA_BASE:         D:\install\apache-tomcat-8.5.32-2
29-May-2024 11:15:50.767 信息 [main] org.apache.catalina.startup.VersionLoggerListener.log CATALINA_HOME:         D:\install\apache-tomcat-8.5.32-2
29-May-2024 11:15:50.768 信息 [main] org.apache.catalina.startup.VersionLoggerListener.log Command line argument: -Djava.util.logging.config.file=D:\install\apache-tomcat-8.5.32-2\conf\logging.properties
29-May-2024 11:15:50.769 信息 [main] org.apache.catalina.startup.VersionLoggerListener.log Command line argument: -Djava.util.logging.manager=org.apache.juli.ClassLoaderLogManager
29-May-2024 11:15:50.770 信息 [main] org.apache.catalina.startup.VersionLoggerListener.log Command line argument: -Djdk.tls.ephemeralDHKeySize=2048
29-May-2024 11:15:50.771 信息 [main] org.apache.catalina.startup.VersionLoggerListener.log Command line argument: -Djava.protocol.handler.pkgs=org.apache.catalina.webresources
29-May-2024 11:15:50.772 信息 [main] org.apache.catalina.startup.VersionLoggerListener.log Command line argument: -Dignore.endorsed.dirs=
29-May-2024 11:15:50.773 信息 [main] org.apache.catalina.startup.VersionLoggerListener.log Command line argument: -Dcatalina.base=D:\install\apache-tomcat-8.5.32-2
29-May-2024 11:15:50.775 信息 [main] org.apache.catalina.startup.VersionLoggerListener.log Command line argument: -Dcatalina.home=D:\install\apache-tomcat-8.5.32-2
29-May-2024 11:15:50.778 信息 [main] org.apache.catalina.startup.VersionLoggerListener.log Command line argument: -Djava.io.tmpdir=D:\install\apache-tomcat-8.5.32-2\temp
29-May-2024 11:15:50.779 信息 [main] org.apache.catalina.core.AprLifecycleListener.lifecycleEvent Loaded APR based Apache Tomcat Native library [1.2.17] using APR version [1.6.3].
29-May-2024 11:15:50.780 信息 [main] org.apache.catalina.core.AprLifecycleListener.lifecycleEvent APR capabilities: IPv6 [true], sendfile [true], accept filters [false], random [true].
29-May-2024 11:15:50.781 信息 [main] org.apache.catalina.core.AprLifecycleListener.lifecycleEvent APR/OpenSSL configuration: useAprConnector [false], useOpenSSL [true]
29-May-2024 11:15:51.136 信息 [main] org.apache.catalina.core.AprLifecycleListener.initializeSSL OpenSSL successfully initialized [OpenSSL 1.0.2o  27 Mar 2018]
29-May-2024 11:15:51.312 信息 [main] org.apache.coyote.AbstractProtocol.init Initializing ProtocolHandler ["http-nio-8080"]
29-May-2024 11:15:51.700 信息 [main] org.apache.tomcat.util.net.NioSelectorPool.getSharedSelector Using a shared selector for servlet write/read
29-May-2024 11:15:51.706 信息 [main] org.apache.coyote.AbstractProtocol.init Initializing ProtocolHandler ["ajp-nio-8009"]
29-May-2024 11:15:51.708 严重 [main] org.apache.catalina.core.StandardService.initInternal Failed to initialize connector [Connector[AJP/1.3-8009]]
 org.apache.catalina.LifecycleException: Failed to initialize component [Connector[AJP/1.3-8009]]
	at org.apache.catalina.util.LifecycleBase.init(LifecycleBase.java:112)
	at org.apache.catalina.core.StandardService.initInternal(StandardService.java:549)
	at org.apache.catalina.util.LifecycleBase.init(LifecycleBase.java:107)
	at org.apache.catalina.core.StandardServer.initInternal(StandardServer.java:875)
	at org.apache.catalina.util.LifecycleBase.init(LifecycleBase.java:107)
	at org.apache.catalina.startup.Catalina.load(Catalina.java:632)
	at org.apache.catalina.startup.Catalina.load(Catalina.java:655)
	at sun.reflect.NativeMethodAccessorImpl.invoke0(Native Method)
	at sun.reflect.NativeMethodAccessorImpl.invoke(NativeMethodAccessorImpl.java:62)
	at sun.reflect.DelegatingMethodAccessorImpl.invoke(DelegatingMethodAccessorImpl.java:43)
	at java.lang.reflect.Method.invoke(Method.java:498)
	at org.apache.catalina.startup.Bootstrap.load(Bootstrap.java:309)
	at org.apache.catalina.startup.Bootstrap.main(Bootstrap.java:492)
Caused by: org.apache.catalina.LifecycleException: Protocol handler initialization failed
	at org.apache.catalina.connector.Connector.initInternal(Connector.java:995)
	at org.apache.catalina.util.LifecycleBase.init(LifecycleBase.java:107)
	... 12 more
Caused by: java.net.BindException: Address already in use: bind
	at sun.nio.ch.Net.bind0(Native Method)
	at sun.nio.ch.Net.bind(Net.java:433)
	at sun.nio.ch.Net.bind(Net.java:425)
	at sun.nio.ch.ServerSocketChannelImpl.bind(ServerSocketChannelImpl.java:223)
	at sun.nio.ch.ServerSocketAdaptor.bind(ServerSocketAdaptor.java:74)
	at org.apache.tomcat.util.net.NioEndpoint.bind(NioEndpoint.java:210)
	at org.apache.tomcat.util.net.AbstractEndpoint.init(AbstractEndpoint.java:1086)
	at org.apache.tomcat.util.net.AbstractJsseEndpoint.init(AbstractJsseEndpoint.java:268)
	at org.apache.coyote.AbstractProtocol.init(AbstractProtocol.java:581)
	at org.apache.catalina.connector.Connector.initInternal(Connector.java:993)
	... 13 more

29-May-2024 11:15:51.715 信息 [main] org.apache.catalina.startup.Catalina.load Initialization processed in 1282 ms
29-May-2024 11:15:51.735 信息 [main] org.apache.catalina.core.StandardService.startInternal Starting service [Catalina]
29-May-2024 11:15:51.736 信息 [main] org.apache.catalina.core.StandardEngine.startInternal Starting Servlet Engine: Apache Tomcat/8.5.32
29-May-2024 11:15:51.744 信息 [localhost-startStop-1] org.apache.catalina.startup.HostConfig.deployDirectory Deploying web application directory [D:\install\apache-tomcat-8.5.32-2\webapps\docs]
29-May-2024 11:15:51.911 信息 [localhost-startStop-1] org.apache.catalina.startup.HostConfig.deployDirectory Deployment of web application directory [D:\install\apache-tomcat-8.5.32-2\webapps\docs] has finished in [166] ms
29-May-2024 11:15:51.912 信息 [localhost-startStop-1] org.apache.catalina.startup.HostConfig.deployDirectory Deploying web application directory [D:\install\apache-tomcat-8.5.32-2\webapps\examples]
29-May-2024 11:15:52.093 信息 [localhost-startStop-1] org.apache.catalina.startup.HostConfig.deployDirectory Deployment of web application directory [D:\install\apache-tomcat-8.5.32-2\webapps\examples] has finished in [181] ms
29-May-2024 11:15:52.094 信息 [localhost-startStop-1] org.apache.catalina.startup.HostConfig.deployDirectory Deploying web application directory [D:\install\apache-tomcat-8.5.32-2\webapps\host-manager]
29-May-2024 11:15:52.109 信息 [localhost-startStop-1] org.apache.catalina.startup.HostConfig.deployDirectory Deployment of web application directory [D:\install\apache-tomcat-8.5.32-2\webapps\host-manager] has finished in [15] ms
29-May-2024 11:15:52.111 信息 [localhost-startStop-1] org.apache.catalina.startup.HostConfig.deployDirectory Deploying web application directory [D:\install\apache-tomcat-8.5.32-2\webapps\manager]
29-May-2024 11:15:52.124 信息 [localhost-startStop-1] org.apache.catalina.startup.HostConfig.deployDirectory Deployment of web application directory [D:\install\apache-tomcat-8.5.32-2\webapps\manager] has finished in [13] ms
29-May-2024 11:15:52.125 信息 [localhost-startStop-1] org.apache.catalina.startup.HostConfig.deployDirectory Deploying web application directory [D:\install\apache-tomcat-8.5.32-2\webapps\ROOT]
29-May-2024 11:15:52.136 信息 [localhost-startStop-1] org.apache.catalina.startup.HostConfig.deployDirectory Deployment of web application directory [D:\install\apache-tomcat-8.5.32-2\webapps\ROOT] has finished in [11] ms
29-May-2024 11:15:52.138 信息 [main] org.apache.coyote.AbstractProtocol.start Starting ProtocolHandler ["http-nio-8080"]
29-May-2024 11:15:52.143 信息 [main] org.apache.catalina.startup.Catalina.start Server startup in 427 ms
29-May-2024 11:15:52.149 严重 [main] org.apache.catalina.core.StandardServer.await StandardServer.await: create[localhost:8005]: 
 java.net.BindException: Address already in use: JVM_Bind
	at java.net.DualStackPlainSocketImpl.bind0(Native Method)
	at java.net.DualStackPlainSocketImpl.socketBind(DualStackPlainSocketImpl.java:106)
	at java.net.AbstractPlainSocketImpl.bind(AbstractPlainSocketImpl.java:387)
	at java.net.PlainSocketImpl.bind(PlainSocketImpl.java:190)
	at java.net.ServerSocket.bind(ServerSocket.java:375)
	at java.net.ServerSocket.<init>(ServerSocket.java:237)
	at org.apache.catalina.core.StandardServer.await(StandardServer.java:440)
	at org.apache.catalina.startup.Catalina.await(Catalina.java:769)
	at org.apache.catalina.startup.Catalina.start(Catalina.java:715)
	at sun.reflect.NativeMethodAccessorImpl.invoke0(Native Method)
	at sun.reflect.NativeMethodAccessorImpl.invoke(NativeMethodAccessorImpl.java:62)
	at sun.reflect.DelegatingMethodAccessorImpl.invoke(DelegatingMethodAccessorImpl.java:43)
	at java.lang.reflect.Method.invoke(Method.java:498)
	at org.apache.catalina.startup.Bootstrap.start(Bootstrap.java:353)
	at org.apache.catalina.startup.Bootstrap.main(Bootstrap.java:493)

29-May-2024 11:15:52.151 信息 [main] org.apache.coyote.AbstractProtocol.pause Pausing ProtocolHandler ["http-nio-8080"]
29-May-2024 11:15:52.478 信息 [main] org.apache.coyote.AbstractProtocol.pause Pausing ProtocolHandler ["ajp-nio-8009"]
29-May-2024 11:15:52.481 信息 [main] org.apache.catalina.core.StandardService.stopInternal Stopping service [Catalina]
29-May-2024 11:15:52.508 信息 [main] org.apache.coyote.AbstractProtocol.stop Stopping ProtocolHandler ["http-nio-8080"]
29-May-2024 11:15:52.512 信息 [main] org.apache.coyote.AbstractProtocol.destroy Destroying ProtocolHandler ["http-nio-8080"]
29-May-2024 11:15:52.514 信息 [main] org.apache.coyote.AbstractProtocol.stop Stopping ProtocolHandler ["ajp-nio-8009"]
29-May-2024 11:15:52.515 信息 [main] org.apache.coyote.AbstractProtocol.destroy Destroying ProtocolHandler ["ajp-nio-8009"]
29-May-2024 11:19:11.748 信息 [main] org.apache.catalina.startup.VersionLoggerListener.log Server version:        Apache Tomcat/8.5.32
29-May-2024 11:19:11.752 信息 [main] org.apache.catalina.startup.VersionLoggerListener.log Server built:          Jun 20 2018 19:50:35 UTC
29-May-2024 11:19:11.753 信息 [main] org.apache.catalina.startup.VersionLoggerListener.log Server number:         8.5.32.0
29-May-2024 11:19:11.753 信息 [main] org.apache.catalina.startup.VersionLoggerListener.log OS Name:               Windows 10
29-May-2024 11:19:11.754 信息 [main] org.apache.catalina.startup.VersionLoggerListener.log OS Version:            10.0
29-May-2024 11:19:11.755 信息 [main] org.apache.catalina.startup.VersionLoggerListener.log Architecture:          amd64
29-May-2024 11:19:11.756 信息 [main] org.apache.catalina.startup.VersionLoggerListener.log Java Home:             C:\Program Files\Java\jdk1.8.0_144\jre
29-May-2024 11:19:11.757 信息 [main] org.apache.catalina.startup.VersionLoggerListener.log JVM Version:           1.8.0_144-b01
29-May-2024 11:19:11.758 信息 [main] org.apache.catalina.startup.VersionLoggerListener.log JVM Vendor:            Oracle Corporation
29-May-2024 11:19:11.759 信息 [main] org.apache.catalina.startup.VersionLoggerListener.log CATALINA_BASE:         D:\install\apache-tomcat-8.5.32-2
29-May-2024 11:19:11.760 信息 [main] org.apache.catalina.startup.VersionLoggerListener.log CATALINA_HOME:         D:\install\apache-tomcat-8.5.32-2
29-May-2024 11:19:11.761 信息 [main] org.apache.catalina.startup.VersionLoggerListener.log Command line argument: -Djava.util.logging.config.file=D:\install\apache-tomcat-8.5.32-2\conf\logging.properties
29-May-2024 11:19:11.762 信息 [main] org.apache.catalina.startup.VersionLoggerListener.log Command line argument: -Djava.util.logging.manager=org.apache.juli.ClassLoaderLogManager
29-May-2024 11:19:11.763 信息 [main] org.apache.catalina.startup.VersionLoggerListener.log Command line argument: -Djdk.tls.ephemeralDHKeySize=2048
29-May-2024 11:19:11.764 信息 [main] org.apache.catalina.startup.VersionLoggerListener.log Command line argument: -Djava.protocol.handler.pkgs=org.apache.catalina.webresources
29-May-2024 11:19:11.765 信息 [main] org.apache.catalina.startup.VersionLoggerListener.log Command line argument: -Dignore.endorsed.dirs=
29-May-2024 11:19:11.766 信息 [main] org.apache.catalina.startup.VersionLoggerListener.log Command line argument: -Dcatalina.base=D:\install\apache-tomcat-8.5.32-2
29-May-2024 11:19:11.767 信息 [main] org.apache.catalina.startup.VersionLoggerListener.log Command line argument: -Dcatalina.home=D:\install\apache-tomcat-8.5.32-2
29-May-2024 11:19:11.768 信息 [main] org.apache.catalina.startup.VersionLoggerListener.log Command line argument: -Djava.io.tmpdir=D:\install\apache-tomcat-8.5.32-2\temp
29-May-2024 11:19:11.769 信息 [main] org.apache.catalina.core.AprLifecycleListener.lifecycleEvent Loaded APR based Apache Tomcat Native library [1.2.17] using APR version [1.6.3].
29-May-2024 11:19:11.770 信息 [main] org.apache.catalina.core.AprLifecycleListener.lifecycleEvent APR capabilities: IPv6 [true], sendfile [true], accept filters [false], random [true].
29-May-2024 11:19:11.771 信息 [main] org.apache.catalina.core.AprLifecycleListener.lifecycleEvent APR/OpenSSL configuration: useAprConnector [false], useOpenSSL [true]
29-May-2024 11:19:12.104 信息 [main] org.apache.catalina.core.AprLifecycleListener.initializeSSL OpenSSL successfully initialized [OpenSSL 1.0.2o  27 Mar 2018]
29-May-2024 11:19:12.168 信息 [main] org.apache.coyote.AbstractProtocol.init Initializing ProtocolHandler ["http-nio-8080"]
29-May-2024 11:19:12.513 信息 [main] org.apache.tomcat.util.net.NioSelectorPool.getSharedSelector Using a shared selector for servlet write/read
29-May-2024 11:19:12.517 信息 [main] org.apache.coyote.AbstractProtocol.init Initializing ProtocolHandler ["ajp-nio-8009"]
29-May-2024 11:19:12.520 信息 [main] org.apache.tomcat.util.net.NioSelectorPool.getSharedSelector Using a shared selector for servlet write/read
29-May-2024 11:19:12.521 信息 [main] org.apache.catalina.startup.Catalina.load Initialization processed in 948 ms
29-May-2024 11:19:12.534 信息 [main] org.apache.catalina.core.StandardService.startInternal Starting service [Catalina]
29-May-2024 11:19:12.535 信息 [main] org.apache.catalina.core.StandardEngine.startInternal Starting Servlet Engine: Apache Tomcat/8.5.32
29-May-2024 11:19:12.541 信息 [localhost-startStop-1] org.apache.catalina.startup.HostConfig.deployDirectory Deploying web application directory [D:\install\apache-tomcat-8.5.32-2\webapps\docs]
29-May-2024 11:19:12.666 信息 [localhost-startStop-1] org.apache.catalina.startup.HostConfig.deployDirectory Deployment of web application directory [D:\install\apache-tomcat-8.5.32-2\webapps\docs] has finished in [125] ms
29-May-2024 11:19:12.667 信息 [localhost-startStop-1] org.apache.catalina.startup.HostConfig.deployDirectory Deploying web application directory [D:\install\apache-tomcat-8.5.32-2\webapps\examples]
29-May-2024 11:19:12.809 信息 [localhost-startStop-1] org.apache.catalina.startup.HostConfig.deployDirectory Deployment of web application directory [D:\install\apache-tomcat-8.5.32-2\webapps\examples] has finished in [142] ms
29-May-2024 11:19:12.810 信息 [localhost-startStop-1] org.apache.catalina.startup.HostConfig.deployDirectory Deploying web application directory [D:\install\apache-tomcat-8.5.32-2\webapps\host-manager]
29-May-2024 11:19:12.824 信息 [localhost-startStop-1] org.apache.catalina.startup.HostConfig.deployDirectory Deployment of web application directory [D:\install\apache-tomcat-8.5.32-2\webapps\host-manager] has finished in [14] ms
29-May-2024 11:19:12.825 信息 [localhost-startStop-1] org.apache.catalina.startup.HostConfig.deployDirectory Deploying web application directory [D:\install\apache-tomcat-8.5.32-2\webapps\manager]
29-May-2024 11:19:12.837 信息 [localhost-startStop-1] org.apache.catalina.startup.HostConfig.deployDirectory Deployment of web application directory [D:\install\apache-tomcat-8.5.32-2\webapps\manager] has finished in [12] ms
29-May-2024 11:19:12.838 信息 [localhost-startStop-1] org.apache.catalina.startup.HostConfig.deployDirectory Deploying web application directory [D:\install\apache-tomcat-8.5.32-2\webapps\ROOT]
29-May-2024 11:19:12.848 信息 [localhost-startStop-1] org.apache.catalina.startup.HostConfig.deployDirectory Deployment of web application directory [D:\install\apache-tomcat-8.5.32-2\webapps\ROOT] has finished in [10] ms
29-May-2024 11:19:12.850 信息 [main] org.apache.coyote.AbstractProtocol.start Starting ProtocolHandler ["http-nio-8080"]
29-May-2024 11:19:12.855 信息 [main] org.apache.coyote.AbstractProtocol.start Starting ProtocolHandler ["ajp-nio-8009"]
29-May-2024 11:19:12.857 信息 [main] org.apache.catalina.startup.Catalina.start Server startup in 335 ms
29-May-2024 12:55:06.051 警告 [main] org.apache.catalina.core.StandardServer.await StandardServer.await: Invalid command '' received
29-May-2024 13:00:55.229 警告 [main] org.apache.catalina.core.StandardServer.await StandardServer.await: Invalid command '' received
29-May-2024 14:31:54.552 警告 [main] org.apache.catalina.core.StandardServer.await StandardServer.await: Invalid command '' received
29-May-2024 16:28:50.476 警告 [main] org.apache.catalina.core.StandardServer.await StandardServer.await: Invalid command '' received
