04-Sep-2024 09:41:40.542 信息 [main] org.apache.catalina.startup.VersionLoggerListener.log Server version:        Apache Tomcat/8.5.32
04-Sep-2024 09:41:40.548 信息 [main] org.apache.catalina.startup.VersionLoggerListener.log Server built:          Jun 20 2018 19:50:35 UTC
04-Sep-2024 09:41:40.549 信息 [main] org.apache.catalina.startup.VersionLoggerListener.log Server number:         8.5.32.0
04-Sep-2024 09:41:40.550 信息 [main] org.apache.catalina.startup.VersionLoggerListener.log OS Name:               Windows 10
04-Sep-2024 09:41:40.551 信息 [main] org.apache.catalina.startup.VersionLoggerListener.log OS Version:            10.0
04-Sep-2024 09:41:40.552 信息 [main] org.apache.catalina.startup.VersionLoggerListener.log Architecture:          amd64
04-Sep-2024 09:41:40.553 信息 [main] org.apache.catalina.startup.VersionLoggerListener.log Java Home:             C:\Program Files\Java\jdk1.8.0_144\jre
04-Sep-2024 09:41:40.554 信息 [main] org.apache.catalina.startup.VersionLoggerListener.log JVM Version:           1.8.0_144-b01
04-Sep-2024 09:41:40.555 信息 [main] org.apache.catalina.startup.VersionLoggerListener.log JVM Vendor:            Oracle Corporation
04-Sep-2024 09:41:40.557 信息 [main] org.apache.catalina.startup.VersionLoggerListener.log CATALINA_BASE:         D:\install\apache-tomcat-8.5.32-2
04-Sep-2024 09:41:40.558 信息 [main] org.apache.catalina.startup.VersionLoggerListener.log CATALINA_HOME:         D:\install\apache-tomcat-8.5.32-2
04-Sep-2024 09:41:40.559 信息 [main] org.apache.catalina.startup.VersionLoggerListener.log Command line argument: -Djava.util.logging.config.file=D:\install\apache-tomcat-8.5.32-2\conf\logging.properties
04-Sep-2024 09:41:40.560 信息 [main] org.apache.catalina.startup.VersionLoggerListener.log Command line argument: -Djava.util.logging.manager=org.apache.juli.ClassLoaderLogManager
04-Sep-2024 09:41:40.560 信息 [main] org.apache.catalina.startup.VersionLoggerListener.log Command line argument: -Djdk.tls.ephemeralDHKeySize=2048
04-Sep-2024 09:41:40.561 信息 [main] org.apache.catalina.startup.VersionLoggerListener.log Command line argument: -Djava.protocol.handler.pkgs=org.apache.catalina.webresources
04-Sep-2024 09:41:40.562 信息 [main] org.apache.catalina.startup.VersionLoggerListener.log Command line argument: -Dignore.endorsed.dirs=
04-Sep-2024 09:41:40.563 信息 [main] org.apache.catalina.startup.VersionLoggerListener.log Command line argument: -Dcatalina.base=D:\install\apache-tomcat-8.5.32-2
04-Sep-2024 09:41:40.564 信息 [main] org.apache.catalina.startup.VersionLoggerListener.log Command line argument: -Dcatalina.home=D:\install\apache-tomcat-8.5.32-2
04-Sep-2024 09:41:40.565 信息 [main] org.apache.catalina.startup.VersionLoggerListener.log Command line argument: -Djava.io.tmpdir=D:\install\apache-tomcat-8.5.32-2\temp
04-Sep-2024 09:41:40.569 信息 [main] org.apache.catalina.core.AprLifecycleListener.lifecycleEvent Loaded APR based Apache Tomcat Native library [1.2.17] using APR version [1.6.3].
04-Sep-2024 09:41:40.570 信息 [main] org.apache.catalina.core.AprLifecycleListener.lifecycleEvent APR capabilities: IPv6 [true], sendfile [true], accept filters [false], random [true].
04-Sep-2024 09:41:40.571 信息 [main] org.apache.catalina.core.AprLifecycleListener.lifecycleEvent APR/OpenSSL configuration: useAprConnector [false], useOpenSSL [true]
04-Sep-2024 09:41:40.939 信息 [main] org.apache.catalina.core.AprLifecycleListener.initializeSSL OpenSSL successfully initialized [OpenSSL 1.0.2o  27 Mar 2018]
04-Sep-2024 09:41:41.063 信息 [main] org.apache.coyote.AbstractProtocol.init Initializing ProtocolHandler ["http-nio-8080"]
04-Sep-2024 09:41:41.475 信息 [main] org.apache.tomcat.util.net.NioSelectorPool.getSharedSelector Using a shared selector for servlet write/read
04-Sep-2024 09:41:41.480 信息 [main] org.apache.coyote.AbstractProtocol.init Initializing ProtocolHandler ["ajp-nio-8009"]
04-Sep-2024 09:41:41.482 信息 [main] org.apache.tomcat.util.net.NioSelectorPool.getSharedSelector Using a shared selector for servlet write/read
04-Sep-2024 09:41:41.483 信息 [main] org.apache.catalina.startup.Catalina.load Initialization processed in 1175 ms
04-Sep-2024 09:41:41.502 信息 [main] org.apache.catalina.core.StandardService.startInternal Starting service [Catalina]
04-Sep-2024 09:41:41.503 信息 [main] org.apache.catalina.core.StandardEngine.startInternal Starting Servlet Engine: Apache Tomcat/8.5.32
04-Sep-2024 09:41:41.510 信息 [localhost-startStop-1] org.apache.catalina.startup.HostConfig.deployDirectory Deploying web application directory [D:\install\apache-tomcat-8.5.32-2\webapps\docs]
04-Sep-2024 09:41:41.706 信息 [localhost-startStop-1] org.apache.catalina.startup.HostConfig.deployDirectory Deployment of web application directory [D:\install\apache-tomcat-8.5.32-2\webapps\docs] has finished in [197] ms
04-Sep-2024 09:41:41.708 信息 [localhost-startStop-1] org.apache.catalina.startup.HostConfig.deployDirectory Deploying web application directory [D:\install\apache-tomcat-8.5.32-2\webapps\examples]
04-Sep-2024 09:41:41.914 信息 [localhost-startStop-1] org.apache.catalina.startup.HostConfig.deployDirectory Deployment of web application directory [D:\install\apache-tomcat-8.5.32-2\webapps\examples] has finished in [206] ms
04-Sep-2024 09:41:41.915 信息 [localhost-startStop-1] org.apache.catalina.startup.HostConfig.deployDirectory Deploying web application directory [D:\install\apache-tomcat-8.5.32-2\webapps\host-manager]
04-Sep-2024 09:41:41.932 信息 [localhost-startStop-1] org.apache.catalina.startup.HostConfig.deployDirectory Deployment of web application directory [D:\install\apache-tomcat-8.5.32-2\webapps\host-manager] has finished in [17] ms
04-Sep-2024 09:41:41.933 信息 [localhost-startStop-1] org.apache.catalina.startup.HostConfig.deployDirectory Deploying web application directory [D:\install\apache-tomcat-8.5.32-2\webapps\manager]
04-Sep-2024 09:41:41.946 信息 [localhost-startStop-1] org.apache.catalina.startup.HostConfig.deployDirectory Deployment of web application directory [D:\install\apache-tomcat-8.5.32-2\webapps\manager] has finished in [13] ms
04-Sep-2024 09:41:41.948 信息 [localhost-startStop-1] org.apache.catalina.startup.HostConfig.deployDirectory Deploying web application directory [D:\install\apache-tomcat-8.5.32-2\webapps\ROOT]
04-Sep-2024 09:41:41.958 信息 [localhost-startStop-1] org.apache.catalina.startup.HostConfig.deployDirectory Deployment of web application directory [D:\install\apache-tomcat-8.5.32-2\webapps\ROOT] has finished in [10] ms
04-Sep-2024 09:41:41.961 信息 [main] org.apache.coyote.AbstractProtocol.start Starting ProtocolHandler ["http-nio-8080"]
04-Sep-2024 09:41:41.966 信息 [main] org.apache.coyote.AbstractProtocol.start Starting ProtocolHandler ["ajp-nio-8009"]
04-Sep-2024 09:41:41.968 信息 [main] org.apache.catalina.startup.Catalina.start Server startup in 484 ms
04-Sep-2024 09:43:28.209 信息 [Thread-5] org.apache.coyote.AbstractProtocol.pause Pausing ProtocolHandler ["http-nio-8080"]
04-Sep-2024 09:43:28.600 信息 [Thread-5] org.apache.coyote.AbstractProtocol.pause Pausing ProtocolHandler ["ajp-nio-8009"]
04-Sep-2024 09:43:28.982 信息 [Thread-5] org.apache.catalina.core.StandardService.stopInternal Stopping service [Catalina]
04-Sep-2024 09:43:29.006 信息 [Thread-5] org.apache.coyote.AbstractProtocol.stop Stopping ProtocolHandler ["http-nio-8080"]
04-Sep-2024 09:43:29.009 信息 [Thread-5] org.apache.coyote.AbstractProtocol.stop Stopping ProtocolHandler ["ajp-nio-8009"]
04-Sep-2024 09:43:29.012 信息 [Thread-5] org.apache.coyote.AbstractProtocol.destroy Destroying ProtocolHandler ["http-nio-8080"]
04-Sep-2024 09:43:29.014 信息 [Thread-5] org.apache.coyote.AbstractProtocol.destroy Destroying ProtocolHandler ["ajp-nio-8009"]
